Arguments: 
  C:\Program Files\nodejs\node.exe C:\Users\82106\AppData\Roaming\npm\node_modules\yarn\bin\yarn.js add @react-native-async-storage/async-storage

PATH: 
  C:\oraclexe\app\oracle\product\11.2.0\server\bin;C:\Program Files (x86)\Intel\iCLS Client\;C:\Program Files\Intel\iCLS Client\;C:\WINDOWS\system32;C:\WINDOWS;C:\WINDOWS\System32\Wbem;C:\WINDOWS\System32\WindowsPowerShell\v1.0\;C:\WINDOWS\System32\OpenSSH\;C:\Program Files (x86)\Intel\Intel(R) Management Engine Components\DAL;"C:\Program Files\Intel\Intel(R) Management Engine Components\DAL;C:\Program Files\Java\jdk1.8.0_211\bin\bin;";C:\Program Files (x86)\Intel\Intel(R) Management Engine Components\IPT;C:\Program Files\Intel\Intel(R) Management Engine Components\IPT;C:\Program Files\MySQL\MySQL Server 8.0\bin;C:\ProgramData\chocolatey\bin;C:\Program Files\Java\jdk1.8.0_211\bin;C:\Program Files\Git\cmd;C:\Program Files\Java\jdk-13.0.1\bin;C:\flutter\flutter\bin;C:\ProgramData\Anaconda3\Library\bin;C:\Users\82106\AppData\Roaming\nvm;C:\Program Files\nodejs;C:\Users\82106\anaconda3;C:\Users\82106\anaconda3\Library\mingw-w64\bin;C:\Users\82106\anaconda3\Library\usr\bin;C:\Users\82106\anaconda3\Library\bin;C:\Users\82106\anaconda3\Scripts;C:\Users\82106\AppData\Local\Programs\Python\Python38-32\Scripts\;C:\Users\82106\AppData\Local\Programs\Python\Python38-32\;C:\Program Files\MySQL\MySQL Shell 8.0\bin\;C:\Users\82106\AppData\Local\Microsoft\WindowsApps; C:\ jdk-13.0.1_windows-x64_bin.exe;C:\Users\82106\AppData\Local\Programs\Microsoft VS Code\bin;C:\Users\82106\AppData\Roaming\npm;C:\Users\82106\AppData\Local\Android\Sdk\platform-tools;C:\Users\82106\AppData\Local\atom\bin;C:\Program Files\JetBrains\PyCharm 2020.1\bin;;C:\flutter\flutter\bin;C:\Program Files\JetBrains\IntelliJ IDEA Community Edition 2020.2.2\bin;;C:\Users\82106\AppData\Local\Microsoft\WindowsApps;C:\Users\82106\AppData\Roaming\nvm;C:\Program Files\nodejs;C:\Program Files\heroku\bin

Yarn version: 
  1.22.4

Node version: 
  12.13.0

Platform: 
  win32 x64

Trace: 
  Error: EPERM: operation not permitted, unlink 'C:\Users\82106\W0W\server\node_modules\bcrypt\lib\binding\bcrypt_lib.node'

npm manifest: 
  {
    "name": "server",
    "version": "1.0.0",
    "description": "",
    "main": "index.js",
    "proxy": {
      "/*": {
        "target": "http://localhost:5000/"
      }
    },
    "scripts": {
      "test": "echo \"Error: no test specified\" && exit 1",
      "start": "node index.js"
    },
    "author": "jeos",
    "license": "ISC",
    "dependencies": {
      "bcrypt": "^3.0.6",
      "body-parser": "1.19.0",
      "cookie-parser": "^1.4.3",
      "cors": "2.8.5",
      "debug": "^4.1.1",
      "express": "4.17.1",
      "jsonwebtoken": "8.5.1",
      "moment": "2.29.1",
      "mongoose": "^5.12.3",
      "socket.io": "^2.2.0"
    }
  }

yarn manifest: 
  No manifest

Lockfile: 
  No lockfile
